2024-02-27T16:16:31+00:00 CRITICAL Uncaught TypeError: Unsupported operand types: string - string in /home/u781078481/domains/dwstaging.link/public_html/cms/allzay/wp-content/themes/allzay/page-templates/index.php:222
Stack trace:
#0 /home/u781078481/domains/dwstaging.link/public_html/cms/allzay/wp-includes/template-loader.php(106): include()
#1 /home/u781078481/domains/dwstaging.link/public_html/cms/allzay/wp-blog-header.php(19): require_once('/home/u78107848...')
#2 /home/u781078481/domains/dwstaging.link/public_html/cms/allzay/index.php(17): require('/home/u78107848...')
#3 {main}
  thrown in /home/u781078481/domains/dwstaging.link/public_html/cms/allzay/wp-content/themes/allzay/page-templates/index.php on line 222

2024-02-27T16:16:44+00:00 CRITICAL Uncaught TypeError: Unsupported operand types: string - string in /home/u781078481/domains/dwstaging.link/public_html/cms/allzay/wp-content/themes/allzay/page-templates/index.php:222
Stack trace:
#0 /home/u781078481/domains/dwstaging.link/public_html/cms/allzay/wp-includes/template-loader.php(106): include()
#1 /home/u781078481/domains/dwstaging.link/public_html/cms/allzay/wp-blog-header.php(19): require_once('/home/u78107848...')
#2 /home/u781078481/domains/dwstaging.link/public_html/cms/allzay/index.php(17): require('/home/u78107848...')
#3 {main}
  thrown in /home/u781078481/domains/dwstaging.link/public_html/cms/allzay/wp-content/themes/allzay/page-templates/index.php on line 222

2024-02-27T16:37:20+00:00 CRITICAL Uncaught TypeError: Unsupported operand types: string - string in /home/u781078481/domains/dwstaging.link/public_html/cms/allzay/wp-content/themes/allzay/page-templates/index.php:222
Stack trace:
#0 /home/u781078481/domains/dwstaging.link/public_html/cms/allzay/wp-includes/template-loader.php(106): include()
#1 /home/u781078481/domains/dwstaging.link/public_html/cms/allzay/wp-blog-header.php(19): require_once('/home/u78107848...')
#2 /home/u781078481/domains/dwstaging.link/public_html/cms/allzay/index.php(17): require('/home/u78107848...')
#3 {main}
  thrown in /home/u781078481/domains/dwstaging.link/public_html/cms/allzay/wp-content/themes/allzay/page-templates/index.php on line 222

2024-02-27T16:38:16+00:00 CRITICAL Uncaught TypeError: Unsupported operand types: string - string in /home/u781078481/domains/dwstaging.link/public_html/cms/allzay/wp-content/themes/allzay/page-templates/index.php:222
Stack trace:
#0 /home/u781078481/domains/dwstaging.link/public_html/cms/allzay/wp-includes/template-loader.php(106): include()
#1 /home/u781078481/domains/dwstaging.link/public_html/cms/allzay/wp-blog-header.php(19): require_once('/home/u78107848...')
#2 /home/u781078481/domains/dwstaging.link/public_html/cms/allzay/index.php(17): require('/home/u78107848...')
#3 {main}
  thrown in /home/u781078481/domains/dwstaging.link/public_html/cms/allzay/wp-content/themes/allzay/page-templates/index.php on line 222

2024-02-27T16:41:47+00:00 CRITICAL Uncaught TypeError: Unsupported operand types: string - string in /home/u781078481/domains/dwstaging.link/public_html/cms/allzay/wp-content/themes/allzay/page-templates/index.php:222
Stack trace:
#0 /home/u781078481/domains/dwstaging.link/public_html/cms/allzay/wp-includes/template-loader.php(106): include()
#1 /home/u781078481/domains/dwstaging.link/public_html/cms/allzay/wp-blog-header.php(19): require_once('/home/u78107848...')
#2 /home/u781078481/domains/dwstaging.link/public_html/cms/allzay/index.php(17): require('/home/u78107848...')
#3 {main}
  thrown in /home/u781078481/domains/dwstaging.link/public_html/cms/allzay/wp-content/themes/allzay/page-templates/index.php on line 222

2024-02-27T16:43:14+00:00 CRITICAL Uncaught TypeError: Unsupported operand types: string - string in /home/u781078481/domains/dwstaging.link/public_html/cms/allzay/wp-content/themes/allzay/page-templates/index.php:222
Stack trace:
#0 /home/u781078481/domains/dwstaging.link/public_html/cms/allzay/wp-includes/template-loader.php(106): include()
#1 /home/u781078481/domains/dwstaging.link/public_html/cms/allzay/wp-blog-header.php(19): require_once('/home/u78107848...')
#2 /home/u781078481/domains/dwstaging.link/public_html/cms/allzay/index.php(17): require('/home/u78107848...')
#3 {main}
  thrown in /home/u781078481/domains/dwstaging.link/public_html/cms/allzay/wp-content/themes/allzay/page-templates/index.php on line 222

2024-02-27T16:52:58+00:00 CRITICAL Uncaught TypeError: Unsupported operand types: string - string in /home/u781078481/domains/dwstaging.link/public_html/cms/allzay/wp-content/themes/allzay/page-templates/index.php:222
Stack trace:
#0 /home/u781078481/domains/dwstaging.link/public_html/cms/allzay/wp-includes/template-loader.php(106): include()
#1 /home/u781078481/domains/dwstaging.link/public_html/cms/allzay/wp-blog-header.php(19): require_once('/home/u78107848...')
#2 /home/u781078481/domains/dwstaging.link/public_html/cms/allzay/index.php(17): require('/home/u78107848...')
#3 {main}
  thrown in /home/u781078481/domains/dwstaging.link/public_html/cms/allzay/wp-content/themes/allzay/page-templates/index.php on line 222

2024-02-27T17:08:24+00:00 CRITICAL Uncaught TypeError: Unsupported operand types: int - string in /home/u781078481/domains/dwstaging.link/public_html/cms/allzay/wp-content/themes/allzay/page-templates/index.php:227
Stack trace:
#0 /home/u781078481/domains/dwstaging.link/public_html/cms/allzay/wp-includes/template-loader.php(106): include()
#1 /home/u781078481/domains/dwstaging.link/public_html/cms/allzay/wp-blog-header.php(19): require_once('/home/u78107848...')
#2 /home/u781078481/domains/dwstaging.link/public_html/cms/allzay/index.php(17): require('/home/u78107848...')
#3 {main}
  thrown in /home/u781078481/domains/dwstaging.link/public_html/cms/allzay/wp-content/themes/allzay/page-templates/index.php on line 227

2024-02-27T17:10:52+00:00 CRITICAL Uncaught TypeError: Unsupported operand types: string - string in /home/u781078481/domains/dwstaging.link/public_html/cms/allzay/wp-content/themes/allzay/page-templates/index.php:222
Stack trace:
#0 /home/u781078481/domains/dwstaging.link/public_html/cms/allzay/wp-includes/template-loader.php(106): include()
#1 /home/u781078481/domains/dwstaging.link/public_html/cms/allzay/wp-blog-header.php(19): require_once('/home/u78107848...')
#2 /home/u781078481/domains/dwstaging.link/public_html/cms/allzay/index.php(17): require('/home/u78107848...')
#3 {main}
  thrown in /home/u781078481/domains/dwstaging.link/public_html/cms/allzay/wp-content/themes/allzay/page-templates/index.php on line 222

2024-02-27T17:10:58+00:00 CRITICAL Uncaught TypeError: Unsupported operand types: string - string in /home/u781078481/domains/dwstaging.link/public_html/cms/allzay/wp-content/themes/allzay/page-templates/index.php:222
Stack trace:
#0 /home/u781078481/domains/dwstaging.link/public_html/cms/allzay/wp-includes/template-loader.php(106): include()
#1 /home/u781078481/domains/dwstaging.link/public_html/cms/allzay/wp-blog-header.php(19): require_once('/home/u78107848...')
#2 /home/u781078481/domains/dwstaging.link/public_html/cms/allzay/index.php(17): require('/home/u78107848...')
#3 {main}
  thrown in /home/u781078481/domains/dwstaging.link/public_html/cms/allzay/wp-content/themes/allzay/page-templates/index.php on line 222

2024-02-27T17:13:20+00:00 CRITICAL Uncaught TypeError: Unsupported operand types: int - string in /home/u781078481/domains/dwstaging.link/public_html/cms/allzay/wp-content/themes/allzay/page-templates/index.php:227
Stack trace:
#0 /home/u781078481/domains/dwstaging.link/public_html/cms/allzay/wp-includes/template-loader.php(106): include()
#1 /home/u781078481/domains/dwstaging.link/public_html/cms/allzay/wp-blog-header.php(19): require_once('/home/u78107848...')
#2 /home/u781078481/domains/dwstaging.link/public_html/cms/allzay/index.php(17): require('/home/u78107848...')
#3 {main}
  thrown in /home/u781078481/domains/dwstaging.link/public_html/cms/allzay/wp-content/themes/allzay/page-templates/index.php on line 227

2024-02-27T17:13:39+00:00 CRITICAL Uncaught TypeError: Unsupported operand types: string - string in /home/u781078481/domains/dwstaging.link/public_html/cms/allzay/wp-content/themes/allzay/page-templates/index.php:222
Stack trace:
#0 /home/u781078481/domains/dwstaging.link/public_html/cms/allzay/wp-includes/template-loader.php(106): include()
#1 /home/u781078481/domains/dwstaging.link/public_html/cms/allzay/wp-blog-header.php(19): require_once('/home/u78107848...')
#2 /home/u781078481/domains/dwstaging.link/public_html/cms/allzay/index.php(17): require('/home/u78107848...')
#3 {main}
  thrown in /home/u781078481/domains/dwstaging.link/public_html/cms/allzay/wp-content/themes/allzay/page-templates/index.php on line 222

2024-02-27T17:13:46+00:00 CRITICAL Uncaught TypeError: Unsupported operand types: int - string in /home/u781078481/domains/dwstaging.link/public_html/cms/allzay/wp-content/themes/allzay/page-templates/index.php:227
Stack trace:
#0 /home/u781078481/domains/dwstaging.link/public_html/cms/allzay/wp-includes/template-loader.php(106): include()
#1 /home/u781078481/domains/dwstaging.link/public_html/cms/allzay/wp-blog-header.php(19): require_once('/home/u78107848...')
#2 /home/u781078481/domains/dwstaging.link/public_html/cms/allzay/index.php(17): require('/home/u78107848...')
#3 {main}
  thrown in /home/u781078481/domains/dwstaging.link/public_html/cms/allzay/wp-content/themes/allzay/page-templates/index.php on line 227

2024-02-27T17:13:48+00:00 CRITICAL Uncaught TypeError: Unsupported operand types: string - string in /home/u781078481/domains/dwstaging.link/public_html/cms/allzay/wp-content/themes/allzay/page-templates/index.php:222
Stack trace:
#0 /home/u781078481/domains/dwstaging.link/public_html/cms/allzay/wp-includes/template-loader.php(106): include()
#1 /home/u781078481/domains/dwstaging.link/public_html/cms/allzay/wp-blog-header.php(19): require_once('/home/u78107848...')
#2 /home/u781078481/domains/dwstaging.link/public_html/cms/allzay/index.php(17): require('/home/u78107848...')
#3 {main}
  thrown in /home/u781078481/domains/dwstaging.link/public_html/cms/allzay/wp-content/themes/allzay/page-templates/index.php on line 222

2024-02-27T17:17:33+00:00 CRITICAL Uncaught TypeError: Unsupported operand types: string - string in /home/u781078481/domains/dwstaging.link/public_html/cms/allzay/wp-content/themes/allzay/page-templates/index.php:222
Stack trace:
#0 /home/u781078481/domains/dwstaging.link/public_html/cms/allzay/wp-includes/template-loader.php(106): include()
#1 /home/u781078481/domains/dwstaging.link/public_html/cms/allzay/wp-blog-header.php(19): require_once('/home/u78107848...')
#2 /home/u781078481/domains/dwstaging.link/public_html/cms/allzay/index.php(17): require('/home/u78107848...')
#3 {main}
  thrown in /home/u781078481/domains/dwstaging.link/public_html/cms/allzay/wp-content/themes/allzay/page-templates/index.php on line 222

2024-02-27T17:17:39+00:00 CRITICAL Uncaught TypeError: Unsupported operand types: int - string in /home/u781078481/domains/dwstaging.link/public_html/cms/allzay/wp-content/themes/allzay/page-templates/index.php:227
Stack trace:
#0 /home/u781078481/domains/dwstaging.link/public_html/cms/allzay/wp-includes/template-loader.php(106): include()
#1 /home/u781078481/domains/dwstaging.link/public_html/cms/allzay/wp-blog-header.php(19): require_once('/home/u78107848...')
#2 /home/u781078481/domains/dwstaging.link/public_html/cms/allzay/index.php(17): require('/home/u78107848...')
#3 {main}
  thrown in /home/u781078481/domains/dwstaging.link/public_html/cms/allzay/wp-content/themes/allzay/page-templates/index.php on line 227

2024-02-27T17:18:23+00:00 CRITICAL Uncaught TypeError: Unsupported operand types: int - string in /home/u781078481/domains/dwstaging.link/public_html/cms/allzay/wp-content/themes/allzay/page-templates/index.php:227
Stack trace:
#0 /home/u781078481/domains/dwstaging.link/public_html/cms/allzay/wp-includes/template-loader.php(106): include()
#1 /home/u781078481/domains/dwstaging.link/public_html/cms/allzay/wp-blog-header.php(19): require_once('/home/u78107848...')
#2 /home/u781078481/domains/dwstaging.link/public_html/cms/allzay/index.php(17): require('/home/u78107848...')
#3 {main}
  thrown in /home/u781078481/domains/dwstaging.link/public_html/cms/allzay/wp-content/themes/allzay/page-templates/index.php on line 227

2024-02-27T17:51:13+00:00 CRITICAL Uncaught TypeError: Unsupported operand types: int - string in /home/u781078481/domains/dwstaging.link/public_html/cms/allzay/wp-content/themes/allzay/page-templates/index.php:227
Stack trace:
#0 /home/u781078481/domains/dwstaging.link/public_html/cms/allzay/wp-includes/template-loader.php(106): include()
#1 /home/u781078481/domains/dwstaging.link/public_html/cms/allzay/wp-blog-header.php(19): require_once('/home/u78107848...')
#2 /home/u781078481/domains/dwstaging.link/public_html/cms/allzay/index.php(17): require('/home/u78107848...')
#3 {main}
  thrown in /home/u781078481/domains/dwstaging.link/public_html/cms/allzay/wp-content/themes/allzay/page-templates/index.php on line 227

2024-02-27T17:51:17+00:00 CRITICAL Uncaught TypeError: Unsupported operand types: string - string in /home/u781078481/domains/dwstaging.link/public_html/cms/allzay/wp-content/themes/allzay/page-templates/index.php:222
Stack trace:
#0 /home/u781078481/domains/dwstaging.link/public_html/cms/allzay/wp-includes/template-loader.php(106): include()
#1 /home/u781078481/domains/dwstaging.link/public_html/cms/allzay/wp-blog-header.php(19): require_once('/home/u78107848...')
#2 /home/u781078481/domains/dwstaging.link/public_html/cms/allzay/index.php(17): require('/home/u78107848...')
#3 {main}
  thrown in /home/u781078481/domains/dwstaging.link/public_html/cms/allzay/wp-content/themes/allzay/page-templates/index.php on line 222

2024-02-27T17:51:26+00:00 CRITICAL Uncaught TypeError: Unsupported operand types: string - string in /home/u781078481/domains/dwstaging.link/public_html/cms/allzay/wp-content/themes/allzay/page-templates/index.php:222
Stack trace:
#0 /home/u781078481/domains/dwstaging.link/public_html/cms/allzay/wp-includes/template-loader.php(106): include()
#1 /home/u781078481/domains/dwstaging.link/public_html/cms/allzay/wp-blog-header.php(19): require_once('/home/u78107848...')
#2 /home/u781078481/domains/dwstaging.link/public_html/cms/allzay/index.php(17): require('/home/u78107848...')
#3 {main}
  thrown in /home/u781078481/domains/dwstaging.link/public_html/cms/allzay/wp-content/themes/allzay/page-templates/index.php on line 222

2024-02-27T17:51:32+00:00 CRITICAL Uncaught TypeError: Unsupported operand types: string - string in /home/u781078481/domains/dwstaging.link/public_html/cms/allzay/wp-content/themes/allzay/page-templates/index.php:222
Stack trace:
#0 /home/u781078481/domains/dwstaging.link/public_html/cms/allzay/wp-includes/template-loader.php(106): include()
#1 /home/u781078481/domains/dwstaging.link/public_html/cms/allzay/wp-blog-header.php(19): require_once('/home/u78107848...')
#2 /home/u781078481/domains/dwstaging.link/public_html/cms/allzay/index.php(17): require('/home/u78107848...')
#3 {main}
  thrown in /home/u781078481/domains/dwstaging.link/public_html/cms/allzay/wp-content/themes/allzay/page-templates/index.php on line 222

2024-02-27T17:54:51+00:00 CRITICAL Uncaught TypeError: Unsupported operand types: string - string in /home/u781078481/domains/dwstaging.link/public_html/cms/allzay/wp-content/themes/allzay/page-templates/index.php:222
Stack trace:
#0 /home/u781078481/domains/dwstaging.link/public_html/cms/allzay/wp-includes/template-loader.php(106): include()
#1 /home/u781078481/domains/dwstaging.link/public_html/cms/allzay/wp-blog-header.php(19): require_once('/home/u78107848...')
#2 /home/u781078481/domains/dwstaging.link/public_html/cms/allzay/index.php(17): require('/home/u78107848...')
#3 {main}
  thrown in /home/u781078481/domains/dwstaging.link/public_html/cms/allzay/wp-content/themes/allzay/page-templates/index.php on line 222

2024-02-27T17:55:05+00:00 CRITICAL Uncaught TypeError: Unsupported operand types: string - string in /home/u781078481/domains/dwstaging.link/public_html/cms/allzay/wp-content/themes/allzay/page-templates/index.php:222
Stack trace:
#0 /home/u781078481/domains/dwstaging.link/public_html/cms/allzay/wp-includes/template-loader.php(106): include()
#1 /home/u781078481/domains/dwstaging.link/public_html/cms/allzay/wp-blog-header.php(19): require_once('/home/u78107848...')
#2 /home/u781078481/domains/dwstaging.link/public_html/cms/allzay/index.php(17): require('/home/u78107848...')
#3 {main}
  thrown in /home/u781078481/domains/dwstaging.link/public_html/cms/allzay/wp-content/themes/allzay/page-templates/index.php on line 222

2024-02-27T18:02:30+00:00 CRITICAL Uncaught TypeError: Unsupported operand types: string - string in /home/u781078481/domains/dwstaging.link/public_html/cms/allzay/wp-content/themes/allzay/page-templates/index.php:222
Stack trace:
#0 /home/u781078481/domains/dwstaging.link/public_html/cms/allzay/wp-includes/template-loader.php(106): include()
#1 /home/u781078481/domains/dwstaging.link/public_html/cms/allzay/wp-blog-header.php(19): require_once('/home/u78107848...')
#2 /home/u781078481/domains/dwstaging.link/public_html/cms/allzay/index.php(17): require('/home/u78107848...')
#3 {main}
  thrown in /home/u781078481/domains/dwstaging.link/public_html/cms/allzay/wp-content/themes/allzay/page-templates/index.php on line 222

2024-02-27T18:30:05+00:00 CRITICAL Uncaught TypeError: Unsupported operand types: string - string in /home/u781078481/domains/dwstaging.link/public_html/cms/allzay/wp-content/themes/allzay/page-templates/index.php:222
Stack trace:
#0 /home/u781078481/domains/dwstaging.link/public_html/cms/allzay/wp-includes/template-loader.php(106): include()
#1 /home/u781078481/domains/dwstaging.link/public_html/cms/allzay/wp-blog-header.php(19): require_once('/home/u78107848...')
#2 /home/u781078481/domains/dwstaging.link/public_html/cms/allzay/index.php(17): require('/home/u78107848...')
#3 {main}
  thrown in /home/u781078481/domains/dwstaging.link/public_html/cms/allzay/wp-content/themes/allzay/page-templates/index.php on line 222

2024-02-27T18:46:19+00:00 CRITICAL Uncaught TypeError: Unsupported operand types: int - string in /home/u781078481/domains/dwstaging.link/public_html/cms/allzay/wp-content/themes/allzay/page-templates/index.php:227
Stack trace:
#0 /home/u781078481/domains/dwstaging.link/public_html/cms/allzay/wp-includes/template-loader.php(106): include()
#1 /home/u781078481/domains/dwstaging.link/public_html/cms/allzay/wp-blog-header.php(19): require_once('/home/u78107848...')
#2 /home/u781078481/domains/dwstaging.link/public_html/cms/allzay/index.php(17): require('/home/u78107848...')
#3 {main}
  thrown in /home/u781078481/domains/dwstaging.link/public_html/cms/allzay/wp-content/themes/allzay/page-templates/index.php on line 227

2024-02-27T18:50:03+00:00 CRITICAL Uncaught TypeError: Unsupported operand types: string - string in /home/u781078481/domains/dwstaging.link/public_html/cms/allzay/wp-content/themes/allzay/page-templates/index.php:222
Stack trace:
#0 /home/u781078481/domains/dwstaging.link/public_html/cms/allzay/wp-includes/template-loader.php(106): include()
#1 /home/u781078481/domains/dwstaging.link/public_html/cms/allzay/wp-blog-header.php(19): require_once('/home/u78107848...')
#2 /home/u781078481/domains/dwstaging.link/public_html/cms/allzay/index.php(17): require('/home/u78107848...')
#3 {main}
  thrown in /home/u781078481/domains/dwstaging.link/public_html/cms/allzay/wp-content/themes/allzay/page-templates/index.php on line 222

2024-02-27T18:51:25+00:00 CRITICAL Uncaught TypeError: Unsupported operand types: int - string in /home/u781078481/domains/dwstaging.link/public_html/cms/allzay/wp-content/themes/allzay/page-templates/index.php:227
Stack trace:
#0 /home/u781078481/domains/dwstaging.link/public_html/cms/allzay/wp-includes/template-loader.php(106): include()
#1 /home/u781078481/domains/dwstaging.link/public_html/cms/allzay/wp-blog-header.php(19): require_once('/home/u78107848...')
#2 /home/u781078481/domains/dwstaging.link/public_html/cms/allzay/index.php(17): require('/home/u78107848...')
#3 {main}
  thrown in /home/u781078481/domains/dwstaging.link/public_html/cms/allzay/wp-content/themes/allzay/page-templates/index.php on line 227

2024-02-27T18:56:11+00:00 CRITICAL Uncaught TypeError: Unsupported operand types: string - string in /home/u781078481/domains/dwstaging.link/public_html/cms/allzay/wp-content/themes/allzay/page-templates/index.php:222
Stack trace:
#0 /home/u781078481/domains/dwstaging.link/public_html/cms/allzay/wp-includes/template-loader.php(106): include()
#1 /home/u781078481/domains/dwstaging.link/public_html/cms/allzay/wp-blog-header.php(19): require_once('/home/u78107848...')
#2 /home/u781078481/domains/dwstaging.link/public_html/cms/allzay/index.php(17): require('/home/u78107848...')
#3 {main}
  thrown in /home/u781078481/domains/dwstaging.link/public_html/cms/allzay/wp-content/themes/allzay/page-templates/index.php on line 222

2024-02-27T19:18:57+00:00 CRITICAL Uncaught TypeError: Unsupported operand types: string - string in /home/u781078481/domains/dwstaging.link/public_html/cms/allzay/wp-content/themes/allzay/page-templates/index.php:222
Stack trace:
#0 /home/u781078481/domains/dwstaging.link/public_html/cms/allzay/wp-includes/template-loader.php(106): include()
#1 /home/u781078481/domains/dwstaging.link/public_html/cms/allzay/wp-blog-header.php(19): require_once('/home/u78107848...')
#2 /home/u781078481/domains/dwstaging.link/public_html/cms/allzay/index.php(17): require('/home/u78107848...')
#3 {main}
  thrown in /home/u781078481/domains/dwstaging.link/public_html/cms/allzay/wp-content/themes/allzay/page-templates/index.php on line 222

2024-02-27T19:19:41+00:00 CRITICAL Uncaught TypeError: Unsupported operand types: string - string in /home/u781078481/domains/dwstaging.link/public_html/cms/allzay/wp-content/themes/allzay/page-templates/index.php:222
Stack trace:
#0 /home/u781078481/domains/dwstaging.link/public_html/cms/allzay/wp-includes/template-loader.php(106): include()
#1 /home/u781078481/domains/dwstaging.link/public_html/cms/allzay/wp-blog-header.php(19): require_once('/home/u78107848...')
#2 /home/u781078481/domains/dwstaging.link/public_html/cms/allzay/index.php(17): require('/home/u78107848...')
#3 {main}
  thrown in /home/u781078481/domains/dwstaging.link/public_html/cms/allzay/wp-content/themes/allzay/page-templates/index.php on line 222

2024-02-27T19:19:44+00:00 CRITICAL Uncaught TypeError: Unsupported operand types: string - string in /home/u781078481/domains/dwstaging.link/public_html/cms/allzay/wp-content/themes/allzay/page-templates/index.php:222
Stack trace:
#0 /home/u781078481/domains/dwstaging.link/public_html/cms/allzay/wp-includes/template-loader.php(106): include()
#1 /home/u781078481/domains/dwstaging.link/public_html/cms/allzay/wp-blog-header.php(19): require_once('/home/u78107848...')
#2 /home/u781078481/domains/dwstaging.link/public_html/cms/allzay/index.php(17): require('/home/u78107848...')
#3 {main}
  thrown in /home/u781078481/domains/dwstaging.link/public_html/cms/allzay/wp-content/themes/allzay/page-templates/index.php on line 222

2024-02-27T19:22:02+00:00 CRITICAL Uncaught TypeError: Unsupported operand types: int - string in /home/u781078481/domains/dwstaging.link/public_html/cms/allzay/wp-content/themes/allzay/page-templates/index.php:227
Stack trace:
#0 /home/u781078481/domains/dwstaging.link/public_html/cms/allzay/wp-includes/template-loader.php(106): include()
#1 /home/u781078481/domains/dwstaging.link/public_html/cms/allzay/wp-blog-header.php(19): require_once('/home/u78107848...')
#2 /home/u781078481/domains/dwstaging.link/public_html/cms/allzay/index.php(17): require('/home/u78107848...')
#3 {main}
  thrown in /home/u781078481/domains/dwstaging.link/public_html/cms/allzay/wp-content/themes/allzay/page-templates/index.php on line 227

2024-02-27T19:23:36+00:00 CRITICAL Uncaught TypeError: Unsupported operand types: int - string in /home/u781078481/domains/dwstaging.link/public_html/cms/allzay/wp-content/themes/allzay/page-templates/index.php:227
Stack trace:
#0 /home/u781078481/domains/dwstaging.link/public_html/cms/allzay/wp-includes/template-loader.php(106): include()
#1 /home/u781078481/domains/dwstaging.link/public_html/cms/allzay/wp-blog-header.php(19): require_once('/home/u78107848...')
#2 /home/u781078481/domains/dwstaging.link/public_html/cms/allzay/index.php(17): require('/home/u78107848...')
#3 {main}
  thrown in /home/u781078481/domains/dwstaging.link/public_html/cms/allzay/wp-content/themes/allzay/page-templates/index.php on line 227

2024-02-27T19:29:39+00:00 CRITICAL Uncaught TypeError: Unsupported operand types: int - string in /home/u781078481/domains/dwstaging.link/public_html/cms/allzay/wp-content/themes/allzay/page-templates/index.php:227
Stack trace:
#0 /home/u781078481/domains/dwstaging.link/public_html/cms/allzay/wp-includes/template-loader.php(106): include()
#1 /home/u781078481/domains/dwstaging.link/public_html/cms/allzay/wp-blog-header.php(19): require_once('/home/u78107848...')
#2 /home/u781078481/domains/dwstaging.link/public_html/cms/allzay/index.php(17): require('/home/u78107848...')
#3 {main}
  thrown in /home/u781078481/domains/dwstaging.link/public_html/cms/allzay/wp-content/themes/allzay/page-templates/index.php on line 227

2024-02-27T19:29:43+00:00 CRITICAL Uncaught TypeError: Unsupported operand types: int - string in /home/u781078481/domains/dwstaging.link/public_html/cms/allzay/wp-content/themes/allzay/page-templates/index.php:227
Stack trace:
#0 /home/u781078481/domains/dwstaging.link/public_html/cms/allzay/wp-includes/template-loader.php(106): include()
#1 /home/u781078481/domains/dwstaging.link/public_html/cms/allzay/wp-blog-header.php(19): require_once('/home/u78107848...')
#2 /home/u781078481/domains/dwstaging.link/public_html/cms/allzay/index.php(17): require('/home/u78107848...')
#3 {main}
  thrown in /home/u781078481/domains/dwstaging.link/public_html/cms/allzay/wp-content/themes/allzay/page-templates/index.php on line 227

2024-02-27T19:45:11+00:00 CRITICAL Uncaught TypeError: Unsupported operand types: int - string in /home/u781078481/domains/dwstaging.link/public_html/cms/allzay/wp-content/themes/allzay/page-templates/index.php:227
Stack trace:
#0 /home/u781078481/domains/dwstaging.link/public_html/cms/allzay/wp-includes/template-loader.php(106): include()
#1 /home/u781078481/domains/dwstaging.link/public_html/cms/allzay/wp-blog-header.php(19): require_once('/home/u78107848...')
#2 /home/u781078481/domains/dwstaging.link/public_html/cms/allzay/index.php(17): require('/home/u78107848...')
#3 {main}
  thrown in /home/u781078481/domains/dwstaging.link/public_html/cms/allzay/wp-content/themes/allzay/page-templates/index.php on line 227

2024-02-27T21:00:38+00:00 CRITICAL Uncaught TypeError: Unsupported operand types: int - string in /home/u781078481/domains/dwstaging.link/public_html/cms/allzay/wp-content/themes/allzay/page-templates/index.php:227
Stack trace:
#0 /home/u781078481/domains/dwstaging.link/public_html/cms/allzay/wp-includes/template-loader.php(106): include()
#1 /home/u781078481/domains/dwstaging.link/public_html/cms/allzay/wp-blog-header.php(19): require_once('/home/u78107848...')
#2 /home/u781078481/domains/dwstaging.link/public_html/cms/allzay/index.php(17): require('/home/u78107848...')
#3 {main}
  thrown in /home/u781078481/domains/dwstaging.link/public_html/cms/allzay/wp-content/themes/allzay/page-templates/index.php on line 227

2024-02-27T21:01:08+00:00 CRITICAL Uncaught TypeError: Unsupported operand types: int - string in /home/u781078481/domains/dwstaging.link/public_html/cms/allzay/wp-content/themes/allzay/page-templates/index.php:227
Stack trace:
#0 /home/u781078481/domains/dwstaging.link/public_html/cms/allzay/wp-includes/template-loader.php(106): include()
#1 /home/u781078481/domains/dwstaging.link/public_html/cms/allzay/wp-blog-header.php(19): require_once('/home/u78107848...')
#2 /home/u781078481/domains/dwstaging.link/public_html/cms/allzay/index.php(17): require('/home/u78107848...')
#3 {main}
  thrown in /home/u781078481/domains/dwstaging.link/public_html/cms/allzay/wp-content/themes/allzay/page-templates/index.php on line 227

2024-02-27T21:03:08+00:00 CRITICAL Uncaught TypeError: Unsupported operand types: int - string in /home/u781078481/domains/dwstaging.link/public_html/cms/allzay/wp-content/themes/allzay/page-templates/index.php:227
Stack trace:
#0 /home/u781078481/domains/dwstaging.link/public_html/cms/allzay/wp-includes/template-loader.php(106): include()
#1 /home/u781078481/domains/dwstaging.link/public_html/cms/allzay/wp-blog-header.php(19): require_once('/home/u78107848...')
#2 /home/u781078481/domains/dwstaging.link/public_html/cms/allzay/index.php(17): require('/home/u78107848...')
#3 {main}
  thrown in /home/u781078481/domains/dwstaging.link/public_html/cms/allzay/wp-content/themes/allzay/page-templates/index.php on line 227

2024-02-27T21:04:12+00:00 CRITICAL Uncaught TypeError: Unsupported operand types: int - string in /home/u781078481/domains/dwstaging.link/public_html/cms/allzay/wp-content/themes/allzay/page-templates/index.php:227
Stack trace:
#0 /home/u781078481/domains/dwstaging.link/public_html/cms/allzay/wp-includes/template-loader.php(106): include()
#1 /home/u781078481/domains/dwstaging.link/public_html/cms/allzay/wp-blog-header.php(19): require_once('/home/u78107848...')
#2 /home/u781078481/domains/dwstaging.link/public_html/cms/allzay/index.php(17): require('/home/u78107848...')
#3 {main}
  thrown in /home/u781078481/domains/dwstaging.link/public_html/cms/allzay/wp-content/themes/allzay/page-templates/index.php on line 227

2024-02-27T22:35:17+00:00 CRITICAL Uncaught TypeError: Unsupported operand types: int - string in /home/u781078481/domains/dwstaging.link/public_html/cms/allzay/wp-content/themes/allzay/page-templates/index.php:227
Stack trace:
#0 /home/u781078481/domains/dwstaging.link/public_html/cms/allzay/wp-includes/template-loader.php(106): include()
#1 /home/u781078481/domains/dwstaging.link/public_html/cms/allzay/wp-blog-header.php(19): require_once('/home/u78107848...')
#2 /home/u781078481/domains/dwstaging.link/public_html/cms/allzay/index.php(17): require('/home/u78107848...')
#3 {main}
  thrown in /home/u781078481/domains/dwstaging.link/public_html/cms/allzay/wp-content/themes/allzay/page-templates/index.php on line 227

2024-02-27T22:35:25+00:00 CRITICAL Uncaught TypeError: Unsupported operand types: int - string in /home/u781078481/domains/dwstaging.link/public_html/cms/allzay/wp-content/themes/allzay/page-templates/index.php:227
Stack trace:
#0 /home/u781078481/domains/dwstaging.link/public_html/cms/allzay/wp-includes/template-loader.php(106): include()
#1 /home/u781078481/domains/dwstaging.link/public_html/cms/allzay/wp-blog-header.php(19): require_once('/home/u78107848...')
#2 /home/u781078481/domains/dwstaging.link/public_html/cms/allzay/index.php(17): require('/home/u78107848...')
#3 {main}
  thrown in /home/u781078481/domains/dwstaging.link/public_html/cms/allzay/wp-content/themes/allzay/page-templates/index.php on line 227

2024-02-27T22:41:30+00:00 CRITICAL Uncaught TypeError: Unsupported operand types: int - string in /home/u781078481/domains/dwstaging.link/public_html/cms/allzay/wp-content/themes/allzay/page-templates/index.php:227
Stack trace:
#0 /home/u781078481/domains/dwstaging.link/public_html/cms/allzay/wp-includes/template-loader.php(106): include()
#1 /home/u781078481/domains/dwstaging.link/public_html/cms/allzay/wp-blog-header.php(19): require_once('/home/u78107848...')
#2 /home/u781078481/domains/dwstaging.link/public_html/cms/allzay/index.php(17): require('/home/u78107848...')
#3 {main}
  thrown in /home/u781078481/domains/dwstaging.link/public_html/cms/allzay/wp-content/themes/allzay/page-templates/index.php on line 227

2024-02-27T23:15:45+00:00 CRITICAL Uncaught TypeError: Unsupported operand types: int - string in /home/u781078481/domains/dwstaging.link/public_html/cms/allzay/wp-content/themes/allzay/page-templates/index.php:227
Stack trace:
#0 /home/u781078481/domains/dwstaging.link/public_html/cms/allzay/wp-includes/template-loader.php(106): include()
#1 /home/u781078481/domains/dwstaging.link/public_html/cms/allzay/wp-blog-header.php(19): require_once('/home/u78107848...')
#2 /home/u781078481/domains/dwstaging.link/public_html/cms/allzay/index.php(17): require('/home/u78107848...')
#3 {main}
  thrown in /home/u781078481/domains/dwstaging.link/public_html/cms/allzay/wp-content/themes/allzay/page-templates/index.php on line 227

