2024-02-28T02:52:21+00:00 CRITICAL Uncaught TypeError: Unsupported operand types: int - string in /home/u781078481/domains/dwstaging.link/public_html/cms/allzay/wp-content/themes/allzay/page-templates/index.php:227
Stack trace:
#0 /home/u781078481/domains/dwstaging.link/public_html/cms/allzay/wp-includes/template-loader.php(106): include()
#1 /home/u781078481/domains/dwstaging.link/public_html/cms/allzay/wp-blog-header.php(19): require_once('/home/u78107848...')
#2 /home/u781078481/domains/dwstaging.link/public_html/cms/allzay/index.php(17): require('/home/u78107848...')
#3 {main}
  thrown in /home/u781078481/domains/dwstaging.link/public_html/cms/allzay/wp-content/themes/allzay/page-templates/index.php on line 227

2024-02-28T03:17:53+00:00 CRITICAL Uncaught TypeError: Unsupported operand types: int - string in /home/u781078481/domains/dwstaging.link/public_html/cms/allzay/wp-content/themes/allzay/page-templates/index.php:227
Stack trace:
#0 /home/u781078481/domains/dwstaging.link/public_html/cms/allzay/wp-includes/template-loader.php(106): include()
#1 /home/u781078481/domains/dwstaging.link/public_html/cms/allzay/wp-blog-header.php(19): require_once('/home/u78107848...')
#2 /home/u781078481/domains/dwstaging.link/public_html/cms/allzay/index.php(17): require('/home/u78107848...')
#3 {main}
  thrown in /home/u781078481/domains/dwstaging.link/public_html/cms/allzay/wp-content/themes/allzay/page-templates/index.php on line 227

2024-02-28T03:18:16+00:00 CRITICAL Uncaught TypeError: Unsupported operand types: int - string in /home/u781078481/domains/dwstaging.link/public_html/cms/allzay/wp-content/themes/allzay/page-templates/index.php:227
Stack trace:
#0 /home/u781078481/domains/dwstaging.link/public_html/cms/allzay/wp-includes/template-loader.php(106): include()
#1 /home/u781078481/domains/dwstaging.link/public_html/cms/allzay/wp-blog-header.php(19): require_once('/home/u78107848...')
#2 /home/u781078481/domains/dwstaging.link/public_html/cms/allzay/index.php(17): require('/home/u78107848...')
#3 {main}
  thrown in /home/u781078481/domains/dwstaging.link/public_html/cms/allzay/wp-content/themes/allzay/page-templates/index.php on line 227

2024-02-28T05:10:37+00:00 CRITICAL Uncaught TypeError: Unsupported operand types: int - string in C:\xampp\htdocs\allzaynew\wp-content\themes\allzay\page-templates\index.php:227 CONTEXT: {"error":{"type":1,"file":"C:\\xampp\\htdocs\\allzaynew\\wp-content\\themes\\allzay\\page-templates\\index.php","line":227},"backtrace":["#0 C:\\xampp\\htdocs\\allzaynew\\wp-includes\\template-loader.php(106): include()\n#1 C:\\xampp\\htdocs\\allzaynew\\wp-blog-header.php(19): require_once('C:\\\\xampp\\\\htdocs...')\n#2 C:\\xampp\\htdocs\\allzaynew\\index.php(17): require('C:\\\\xampp\\\\htdocs...')\n#3 {main}\n  thrown"]}
